D:\PHYSICS\GAME TECH 2014\NCLGL\DEBUG\FRUSTUM.OBJ
D:\PHYSICS\GAME TECH 2014\NCLGL\DEBUG\GAMETIMER.OBJ
D:\PHYSICS\GAME TECH 2014\NCLGL\DEBUG\HEIGHTMAP.OBJ
D:\PHYSICS\GAME TECH 2014\NCLGL\DEBUG\KEYBOARD.OBJ
D:\PHYSICS\GAME TECH 2014\NCLGL\DEBUG\MATRIX4.OBJ
D:\PHYSICS\GAME TECH 2014\NCLGL\DEBUG\MD5ANIM.OBJ
D:\PHYSICS\GAME TECH 2014\NCLGL\DEBUG\MD5FILEDATA.OBJ
D:\PHYSICS\GAME TECH 2014\NCLGL\DEBUG\MD5MESH.OBJ
D:\PHYSICS\GAME TECH 2014\NCLGL\DEBUG\MD5NODE.OBJ
D:\PHYSICS\GAME TECH 2014\NCLGL\DEBUG\MESH.OBJ
D:\PHYSICS\GAME TECH 2014\NCLGL\DEBUG\MOUSE.OBJ
D:\PHYSICS\GAME TECH 2014\NCLGL\DEBUG\OBJMESH.OBJ
D:\PHYSICS\GAME TECH 2014\NCLGL\DEBUG\OGLRENDERER.OBJ
D:\PHYSICS\GAME TECH 2014\NCLGL\DEBUG\PARTICLEEMITTER.OBJ
D:\PHYSICS\GAME TECH 2014\NCLGL\DEBUG\PLANE.OBJ
D:\PHYSICS\GAME TECH 2014\NCLGL\DEBUG\QUATERNION.OBJ
D:\PHYSICS\GAME TECH 2014\NCLGL\DEBUG\SCENENODE.OBJ
D:\PHYSICS\GAME TECH 2014\NCLGL\DEBUG\SHADER.OBJ
D:\PHYSICS\GAME TECH 2014\NCLGL\DEBUG\TEXTMESH.OBJ
D:\PHYSICS\GAME TECH 2014\NCLGL\DEBUG\WINDOW.OBJ
D:\PHYSICS\GAME TECH 2014\NCLGL\DEBUG\CAMERA.OBJ
D:\PHYSICS\GAME TECH 2014\NCLGL\DEBUG\CUBEROBOT.OBJ
D:\PHYSICS\GAME TECH 2014\NCLGL\DEBUG\VC110.PDB
D:\PHYSICS\GAME TECH 2014\GAME TECHNOLOGIES\DEBUG\NCLGL.LIB
D:\Physics\Game Tech 2014\nclgl\Debug\Camera.obj
D:\Physics\Game Tech 2014\nclgl\Debug\CubeRobot.obj
D:\Physics\Game Tech 2014\nclgl\Debug\Frustum.obj
D:\Physics\Game Tech 2014\nclgl\Debug\GameTimer.obj
D:\Physics\Game Tech 2014\nclgl\Debug\HeightMap.obj
D:\Physics\Game Tech 2014\nclgl\Debug\Keyboard.obj
D:\Physics\Game Tech 2014\nclgl\Debug\Matrix4.obj
D:\Physics\Game Tech 2014\nclgl\Debug\MD5Anim.obj
D:\Physics\Game Tech 2014\nclgl\Debug\MD5FileData.obj
D:\Physics\Game Tech 2014\nclgl\Debug\MD5Mesh.obj
D:\Physics\Game Tech 2014\nclgl\Debug\MD5Node.obj
D:\Physics\Game Tech 2014\nclgl\Debug\Mesh.obj
D:\Physics\Game Tech 2014\nclgl\Debug\Mouse.obj
D:\Physics\Game Tech 2014\nclgl\Debug\OBJMesh.obj
D:\Physics\Game Tech 2014\nclgl\Debug\OGLRenderer.obj
D:\Physics\Game Tech 2014\nclgl\Debug\ParticleEmitter.obj
D:\Physics\Game Tech 2014\nclgl\Debug\Plane.obj
D:\Physics\Game Tech 2014\nclgl\Debug\Quaternion.obj
D:\Physics\Game Tech 2014\nclgl\Debug\SceneNode.obj
D:\Physics\Game Tech 2014\nclgl\Debug\Shader.obj
D:\Physics\Game Tech 2014\nclgl\Debug\TextMesh.obj
D:\Physics\Game Tech 2014\nclgl\Debug\Window.obj
D:\Physics\Game Tech 2014\nclgl\Debug\cl.command.1.tlog
D:\Physics\Game Tech 2014\nclgl\Debug\CL.read.1.tlog
D:\Physics\Game Tech 2014\nclgl\Debug\CL.write.1.tlog
D:\Physics\Game Tech 2014\nclgl\Debug\Lib-link.read.1.tlog
D:\Physics\Game Tech 2014\nclgl\Debug\Lib-link.write.1.tlog
D:\Physics\Game Tech 2014\nclgl\Debug\lib.command.1.tlog
D:\Physics\Game Tech 2014\nclgl\Debug\vc110.idb
D:\Physics\Game Tech 2014\nclgl\Debug\vc110.pdb
D:\Physics\Game Tech 2014\Game Technologies\Debug\nclgl.lib
