Build started 4/30/2015 8:19:53 PM.
     1>Project "D:\PhysicsExample\Game Tech 2014\Game Technologies\Game Technologies\GameTech.vcxproj" on node 2 (Build target(s)).
     1>AddCudaCompileDeps:
         C:\Program Files (x86)\Microsoft Visual Studio 11.0\VC\bin\cl.exe /E /nologo /showIncludes /TP /D__CUDACC__ /D_MBCS /I"C:\Program Files\NVIDIA GPU Computing Toolkit\CUDA\v6.5\include" /I"C:\Program Files\NVIDIA GPU Computing Toolkit\CUDA\v6.5\bin" /I"C:\Program Files\NVIDIA GPU Computing Toolkit\CUDA\v6.5\include" /I. /FIcuda_runtime.h /c "D:\PhysicsExample\Game Tech 2014\Game Technologies\Game Technologies\Flock.cu" 
       CudaBuild:
         Compiling CUDA source file Flock.cu...
         cmd.exe /C "C:\Users\b0233535\AppData\Local\Temp\tmpda6ac11dcdae4d8fbec0ed9257e52181.cmd"
         "C:\Program Files\NVIDIA GPU Computing Toolkit\CUDA\v6.5\bin\nvcc.exe" -gencode=arch=compute_20,code=\"sm_20,compute_20\" --use-local-env --cl-version 2012 -ccbin "C:\Program Files (x86)\Microsoft Visual Studio 11.0\VC\bin"  -I"C:\Program Files\NVIDIA GPU Computing Toolkit\CUDA\v6.5\include" -I"C:\Program Files\NVIDIA GPU Computing Toolkit\CUDA\v6.5\include"     --keep-dir Release -maxrregcount=0  --machine 32 --compile -cudart static     -D_MBCS -Xcompiler "/EHsc /W3 /nologo /O2 /Zi  /MD  " -o Release\Flock.cu.obj "D:\PhysicsExample\Game Tech 2014\Game Technologies\Game Technologies\Flock.cu"
         
         D:\PhysicsExample\Game Tech 2014\Game Technologies\Game Technologies>"C:\Program Files\NVIDIA GPU Computing Toolkit\CUDA\v6.5\bin\nvcc.exe" -gencode=arch=compute_20,code=\"sm_20,compute_20\" --use-local-env --cl-version 2012 -ccbin "C:\Program Files (x86)\Microsoft Visual Studio 11.0\VC\bin"  -I"C:\Program Files\NVIDIA GPU Computing Toolkit\CUDA\v6.5\include" -I"C:\Program Files\NVIDIA GPU Computing Toolkit\CUDA\v6.5\include"     --keep-dir Release -maxrregcount=0  --machine 32 --compile -cudart static     -D_MBCS -Xcompiler "/EHsc /W3 /nologo /O2 /Zi  /MD  " -o Release\Flock.cu.obj "D:\PhysicsExample\Game Tech 2014\Game Technologies\Game Technologies\Flock.cu" 
         Flock.cu
       ClCompile:
         C:\Program Files (x86)\Microsoft Visual Studio 11.0\VC\bin\CL.exe /c /I"C:\Program Files\NVIDIA GPU Computing Toolkit\CUDA\v6.5\include" /Zi /nologo /W3 /WX- /O2 /Oi /Oy- /GL /D _MBCS /Gm- /EHsc /MD /GS /Gy /fp:precise /Zc:wchar_t /Zc:forScope /Fo"Release\\" /Fd"Release\vc110.pdb" /Gd /TP /analyze- /errorReport:prompt BranchNode.cpp GameClass.cpp GameEntity.cpp Main.cpp MyGame.cpp CollisionHelper.cpp PhysicsNode.cpp PhysicsSystem.cpp Renderer.cpp Spring.cpp Tree.cpp
         BranchNode.cpp
     1>BranchNode.cpp(10): warning C4244: '=' : conversion from 'double' to 'float', possible loss of data
     1>BranchNode.cpp(19): warning C4244: '+=' : conversion from 'double' to 'float', possible loss of data
         GameClass.cpp
         GameEntity.cpp
         Main.cpp
         MyGame.cpp
     1>MyGame.cpp(52): warning C4244: 'argument' : conversion from 'int' to 'const float', possible loss of data
     1>MyGame.cpp(98): warning C4305: '+=' : truncation from 'double' to 'float'
         CollisionHelper.cpp
         PhysicsNode.cpp
         PhysicsSystem.cpp
     1>PhysicsSystem.cpp(37): warning C4018: '<' : signed/unsigned mismatch
     1>PhysicsSystem.cpp(39): warning C4018: '<' : signed/unsigned mismatch
         Renderer.cpp
     1>Renderer.cpp(90): warning C4244: 'argument' : conversion from 'int' to 'float', possible loss of data
     1>Renderer.cpp(91): warning C4244: 'argument' : conversion from 'int' to 'float', possible loss of data
         Spring.cpp
         Tree.cpp
     1>Tree.cpp(7): warning C4244: 'argument' : conversion from 'time_t' to 'unsigned int', possible loss of data
     1>Tree.cpp(15): warning C4305: 'argument' : truncation from 'double' to 'const float'
     1>Tree.cpp(22): warning C4305: 'argument' : truncation from 'double' to 'float'
     1>Tree.cpp(35): warning C4244: 'initializing' : conversion from 'int' to 'float', possible loss of data
     1>Tree.cpp(73): warning C4244: 'initializing' : conversion from 'int' to 'float', possible loss of data
     1>Tree.cpp(94): warning C4244: 'argument' : conversion from 'double' to 'float', possible loss of data
     1>Tree.cpp(98): warning C4244: 'argument' : conversion from 'double' to 'float', possible loss of data
       Link:
         C:\Program Files (x86)\Microsoft Visual Studio 11.0\VC\bin\link.exe /ERRORREPORT:PROMPT /OUT:"D:\PhysicsExample\Game Tech 2014\Game Technologies\Release\GameTech.exe" /NOLOGO /LIBPATH:"C:\Program Files\NVIDIA GPU Computing Toolkit\CUDA\v6.5\lib\Win32" kernel32.lib user32.lib gdi32.lib winspool.lib comdlg32.lib advapi32.lib shell32.lib ole32.lib oleaut32.lib uuid.lib odbc32.lib odbccp32.lib /MANIFEST /MANIFESTUAC:"level='asInvoker' uiAccess='false'" /manifest:embed /DEBUG /PDB:"D:\PhysicsExample\Game Tech 2014\Game Technologies\Release\GameTech.pdb" /OPT:REF /OPT:ICF /LTCG /TLBID:1 /DYNAMICBASE /NXCOMPAT /IMPLIB:"D:\PhysicsExample\Game Tech 2014\Game Technologies\Release\GameTech.lib" /MACHINE:X86 /SAFESEH Release\Flock.cu.obj
         Release\Water.cu.obj
         Release\BranchNode.obj
         Release\GameClass.obj
         Release\GameEntity.obj
         Release\Main.obj
         Release\MyGame.obj
         Release\CollisionHelper.obj
         Release\PhysicsNode.obj
         Release\PhysicsSystem.obj
         Release\Renderer.obj
         Release\Spring.obj
         Release\Tree.obj
     1>MSVCRT.lib(cinitexe.obj) : warning LNK4098: defaultlib 'libcmt.lib' conflicts with use of other libs; use /NODEFAULTLIB:library
         Generating code
         Finished generating code
     1>Flock.cu.obj : warning LNK4049: locally defined symbol ___glewBindBuffer imported
     1>Water.cu.obj : warning LNK4049: locally defined symbol ___glewBindBuffer imported
     1>Flock.cu.obj : warning LNK4049: locally defined symbol ___glewBufferData imported
     1>Water.cu.obj : warning LNK4049: locally defined symbol ___glewBufferData imported
     1>Flock.cu.obj : warning LNK4049: locally defined symbol ___glewGenBuffers imported
     1>Water.cu.obj : warning LNK4049: locally defined symbol ___glewGenBuffers imported
     1>Flock.cu.obj : warning LNK4049: locally defined symbol ___glewEnableVertexAttribArray imported
     1>Water.cu.obj : warning LNK4049: locally defined symbol ___glewEnableVertexAttribArray imported
     1>Flock.cu.obj : warning LNK4049: locally defined symbol ___glewVertexAttribPointer imported
     1>Water.cu.obj : warning LNK4049: locally defined symbol ___glewVertexAttribPointer imported
     1>Flock.cu.obj : warning LNK4049: locally defined symbol ___glewPrimitiveRestartIndex imported
     1>Water.cu.obj : warning LNK4049: locally defined symbol ___glewPrimitiveRestartIndex imported
     1>Flock.cu.obj : warning LNK4049: locally defined symbol ___glewBindVertexArray imported
     1>Water.cu.obj : warning LNK4049: locally defined symbol ___glewBindVertexArray imported
     1>Renderer.obj : warning LNK4049: locally defined symbol ___glewGetUniformLocation imported
     1>Renderer.obj : warning LNK4049: locally defined symbol ___glewUniform1i imported
     1>Renderer.obj : warning LNK4049: locally defined symbol ___glewUniformMatrix4fv imported
     1>Renderer.obj : warning LNK4049: locally defined symbol ___glewUniform4fv imported
     1>Renderer.obj : warning LNK4049: locally defined symbol ___glewUseProgram imported
     1>Renderer.obj : warning LNK4049: locally defined symbol ___glewUniform4f imported
     1>SOIL.lib(SOIL.obj) : warning LNK4099: PDB 'vc120.pdb' was not found with 'SOIL.lib(SOIL.obj)' or at 'D:\PhysicsExample\Game Tech 2014\Game Technologies\Release\vc120.pdb'; linking object as if no debug info
     1>SOIL.lib(stb_image_aug.obj) : warning LNK4099: PDB 'vc120.pdb' was not found with 'SOIL.lib(stb_image_aug.obj)' or at 'D:\PhysicsExample\Game Tech 2014\Game Technologies\Release\vc120.pdb'; linking object as if no debug info
     1>SOIL.lib(image_helper.obj) : warning LNK4099: PDB 'vc120.pdb' was not found with 'SOIL.lib(image_helper.obj)' or at 'D:\PhysicsExample\Game Tech 2014\Game Technologies\Release\vc120.pdb'; linking object as if no debug info
     1>SOIL.lib(image_DXT.obj) : warning LNK4099: PDB 'vc120.pdb' was not found with 'SOIL.lib(image_DXT.obj)' or at 'D:\PhysicsExample\Game Tech 2014\Game Technologies\Release\vc120.pdb'; linking object as if no debug info
     1>glew32.lib(glew.obj) : warning LNK4099: PDB 'vc120.pdb' was not found with 'glew32.lib(glew.obj)' or at 'D:\PhysicsExample\Game Tech 2014\Game Technologies\Release\vc120.pdb'; linking object as if no debug info
         GameTech.vcxproj -> D:\PhysicsExample\Game Tech 2014\Game Technologies\Release\GameTech.exe
     1>Done Building Project "D:\PhysicsExample\Game Tech 2014\Game Technologies\Game Technologies\GameTech.vcxproj" (Build target(s)).

Build succeeded.

Time Elapsed 00:00:14.50
