D:\PHYSICS\GAME TECH 2014\GAME TECHNOLOGIES\GAME TECHNOLOGIES\DEBUG\BRANCHNODE.OBJ
D:\PHYSICS\GAME TECH 2014\GAME TECHNOLOGIES\GAME TECHNOLOGIES\DEBUG\GAMECLASS.OBJ
D:\PHYSICS\GAME TECH 2014\GAME TECHNOLOGIES\GAME TECHNOLOGIES\DEBUG\GAMEENTITY.OBJ
D:\PHYSICS\GAME TECH 2014\GAME TECHNOLOGIES\GAME TECHNOLOGIES\DEBUG\MAIN.OBJ
D:\PHYSICS\GAME TECH 2014\GAME TECHNOLOGIES\GAME TECHNOLOGIES\DEBUG\MYGAME.OBJ
D:\PHYSICS\GAME TECH 2014\GAME TECHNOLOGIES\GAME TECHNOLOGIES\DEBUG\COLLISIONHELPER.OBJ
D:\PHYSICS\GAME TECH 2014\GAME TECHNOLOGIES\GAME TECHNOLOGIES\DEBUG\PHYSICSNODE.OBJ
D:\PHYSICS\GAME TECH 2014\GAME TECHNOLOGIES\GAME TECHNOLOGIES\DEBUG\PHYSICSSYSTEM.OBJ
D:\PHYSICS\GAME TECH 2014\GAME TECHNOLOGIES\GAME TECHNOLOGIES\DEBUG\RENDERER.OBJ
D:\PHYSICS\GAME TECH 2014\GAME TECHNOLOGIES\GAME TECHNOLOGIES\DEBUG\SPRING.OBJ
D:\PHYSICS\GAME TECH 2014\GAME TECHNOLOGIES\GAME TECHNOLOGIES\DEBUG\TREE.OBJ
D:\PHYSICS\GAME TECH 2014\GAME TECHNOLOGIES\GAME TECHNOLOGIES\DEBUG\VC110.PDB
D:\Physics\Game Tech 2014\Game Technologies\Game Technologies\Debug\Water.cu.cache
D:\Physics\Game Tech 2014\Game Technologies\Game Technologies\Debug\Water.h.cache
D:\Physics\Game Tech 2014\Game Technologies\Game Technologies\Debug\BranchNode.obj
D:\Physics\Game Tech 2014\Game Technologies\Game Technologies\Debug\CollisionHelper.obj
D:\Physics\Game Tech 2014\Game Technologies\Game Technologies\Debug\GameClass.obj
D:\Physics\Game Tech 2014\Game Technologies\Game Technologies\Debug\GameEntity.obj
D:\Physics\Game Tech 2014\Game Technologies\Game Technologies\Debug\Main.obj
D:\Physics\Game Tech 2014\Game Technologies\Game Technologies\Debug\MyGame.obj
D:\Physics\Game Tech 2014\Game Technologies\Game Technologies\Debug\PhysicsNode.obj
D:\Physics\Game Tech 2014\Game Technologies\Game Technologies\Debug\PhysicsSystem.obj
D:\Physics\Game Tech 2014\Game Technologies\Game Technologies\Debug\Renderer.obj
D:\Physics\Game Tech 2014\Game Technologies\Game Technologies\Debug\Spring.obj
D:\Physics\Game Tech 2014\Game Technologies\Game Technologies\Debug\Tree.obj
D:\Physics\Game Tech 2014\Game Technologies\Game Technologies\Debug\Water.cu.obj
D:\Physics\Game Tech 2014\Game Technologies\Game Technologies\Debug\cl.command.1.tlog
D:\Physics\Game Tech 2014\Game Technologies\Game Technologies\Debug\CL.read.1.tlog
D:\Physics\Game Tech 2014\Game Technologies\Game Technologies\Debug\CL.write.1.tlog
D:\Physics\Game Tech 2014\Game Technologies\Game Technologies\Debug\link-cvtres.read.1.tlog
D:\Physics\Game Tech 2014\Game Technologies\Game Technologies\Debug\link-cvtres.write.1.tlog
D:\Physics\Game Tech 2014\Game Technologies\Game Technologies\Debug\link-rc.read.1.tlog
D:\Physics\Game Tech 2014\Game Technologies\Game Technologies\Debug\link-rc.write.1.tlog
D:\Physics\Game Tech 2014\Game Technologies\Game Technologies\Debug\link.3436-cvtres.read.1.tlog
D:\Physics\Game Tech 2014\Game Technologies\Game Technologies\Debug\link.3436-cvtres.write.1.tlog
D:\Physics\Game Tech 2014\Game Technologies\Game Technologies\Debug\link.3436-rc.read.1.tlog
D:\Physics\Game Tech 2014\Game Technologies\Game Technologies\Debug\link.3436-rc.write.1.tlog
D:\Physics\Game Tech 2014\Game Technologies\Game Technologies\Debug\link.3436.read.1.tlog
D:\Physics\Game Tech 2014\Game Technologies\Game Technologies\Debug\link.3436.write.1.tlog
D:\Physics\Game Tech 2014\Game Technologies\Game Technologies\Debug\link.command.1.tlog
D:\Physics\Game Tech 2014\Game Technologies\Game Technologies\Debug\link.read.1.tlog
D:\Physics\Game Tech 2014\Game Technologies\Game Technologies\Debug\link.write.1.tlog
D:\Physics\Game Tech 2014\Game Technologies\Game Technologies\Debug\vc110.idb
D:\Physics\Game Tech 2014\Game Technologies\Game Technologies\Debug\vc110.pdb
D:\Physics\Game Tech 2014\Game Technologies\Debug\GameTech.pdb
D:\Physics\Game Tech 2014\Game Technologies\Debug\GameTech.exe
D:\Physics\Game Tech 2014\Game Technologies\Debug\GameTech.ilk
